<?xml version="1.0" encoding="UTF-8"?>
<testng-results ignored="0" total="1" passed="1" failed="0" skipped="0">
  <reporter-output>
  </reporter-output>
  <suite started-at="2023-04-04T16:03:34 IST" name="Default suite" finished-at="2023-04-04T16:03:51 IST" duration-ms="16642">
    <groups>
    </groups>
    <test started-at="2023-04-04T16:03:34 IST" name="Default test" finished-at="2023-04-04T16:03:51 IST" duration-ms="16642">
      <class name="ppack.LoginTest">
        <test-method signature="loginsTest()[pri:0, instance:ppack.LoginTest@54e1c68b]" started-at="2023-04-04T16:03:35 IST" name="loginsTest" finished-at="2023-04-04T16:03:51 IST" duration-ms="16212" status="PASS">
          <reporter-output>
          </reporter-output>
        </test-method> <!-- loginsTest -->
        <test-method is-config="true" signature="closepage()[pri:0, instance:ppack.LoginTest@54e1c68b]" started-at="2023-04-04T16:03:51 IST" name="closepage" finished-at="2023-04-04T16:03:51 IST" duration-ms="340" status="PASS">
          <reporter-output>
          </reporter-output>
        </test-method> <!-- closepage -->
      </class> <!-- ppack.LoginTest -->
    </test> <!-- Default test -->
  </suite> <!-- Default suite -->
</testng-results>
